<?xml version="1.0" encoding="UTF-8"?>
<!-- Generated by org.testng.reporters.JUnitReportReporter -->
<testsuite hostname="HYL-777149" failures="0" tests="4" name="com.amazon.qa.Tests.LandingPageTest" time="34.576" errors="0" timestamp="2022-07-04T14:37:33 IST" skipped="0">
  <testcase classname="com.amazon.qa.Tests.LandingPageTest" name="ValidateTitle" time="10.433"/>
  <system-out/>
  <testcase classname="com.amazon.qa.Tests.LandingPageTest" name="HighestPricedPhone" time="8.513"/>
  <system-out/>
  <testcase classname="com.amazon.qa.Tests.LandingPageTest" name="GetTitle" time="7.227"/>
  <system-out/>
  <testcase classname="com.amazon.qa.Tests.LandingPageTest" name="Teardown" time="8.403"/>
  <system-out/>
</testsuite> <!-- com.amazon.qa.Tests.LandingPageTest -->
